#
# There is insufficient memory for the Java Runtime Environment to continue.
# Native memory allocation (mmap) failed to map 268435456 bytes for G1 virtual space
# Possible reasons:
#   The system is out of physical RAM or swap space
#   The process is running with CompressedOops enabled, and the Java Heap may be blocking the growth of the native heap
# Possible solutions:
#   Reduce memory load on the system
#   Increase physical memory or swap space
#   Check if swap backing store is full
#   Decrease Java heap size (-Xmx/-Xms)
#   Decrease number of Java threads
#   Decrease Java thread stack sizes (-Xss)
#   Set larger code cache with -XX:ReservedCodeCacheSize=
#   JVM is running with Zero Based Compressed Oops mode in which the Java heap is
#     placed in the first 32GB address space. The Java Heap base address is the
#     maximum limit for the native heap growth. Please use -XX:HeapBaseMinAddress
#     to set the Java Heap base and to place the Java Heap above 32GB virtual address.
# This output file may be truncated or incomplete.
#
#  Out of Memory Error (os_windows.cpp:3536), pid=4512, tid=11596
#
# JRE version:  (19.0.2+7) (build )
# Java VM: Java HotSpot(TM) 64-Bit Server VM (19.0.2+7-44, mixed mode, sharing, tiered, compressed oops, compressed class ptrs, g1 gc, windows-amd64)
# No core dump will be written. Minidumps are not enabled by default on client versions of Windows
#

---------------  S U M M A R Y ------------

Command Line: -javaagent:C:\Program Files\JetBrains\IntelliJ IDEA Community Edition 2022.3.2\lib\idea_rt.jar=61267:C:\Program Files\JetBrains\IntelliJ IDEA Community Edition 2022.3.2\bin -Dfile.encoding=UTF-8 -Dsun.stdout.encoding=UTF-8 -Dsun.stderr.encoding=UTF-8 Main

Host: AMD Ryzen 5 3600 6-Core Processor              , 12 cores, 15G,  Windows 10 , 64 bit Build 19041 (10.0.19041.2546)
Time: Mon Feb 20 19:43:09 2023 RTZ 2 (s 10 , 64 bit Build 19041 (10.0.19041.2546) elapsed time: 0.006609 seconds (0d 0h 0m 0s)

---------------  T H R E A D  ---------------

Current thread (0x000002abfe26d2a0):  JavaThread "Unknown thread" [_thread_in_vm, id=11596, stack(0x000000b8abd00000,0x000000b8abe00000)]

Stack: [0x000000b8abd00000,0x000000b8abe00000]
Native frames: (J=compiled Java code, j=interpreted, Vv=VM code, C=native code)
V  [jvm.dll+0x6ee21a]
V  [jvm.dll+0x85765e]
V  [jvm.dll+0x85904e]
V  [jvm.dll+0x859703]
V  [jvm.dll+0x28298f]
V  [jvm.dll+0x6eb009]
V  [jvm.dll+0x6dfbaa]
V  [jvm.dll+0x3573f6]
V  [jvm.dll+0x35ee56]
V  [jvm.dll+0x3b541e]
V  [jvm.dll+0x3b564f]
V  [jvm.dll+0x32c9ea]
V  [jvm.dll+0x32d89e]
V  [jvm.dll+0x821780]
V  [jvm.dll+0x3c2661]
V  [jvm.dll+0x801f51]
V  [jvm.dll+0x44ae8f]
V  [jvm.dll+0x44c811]
C  [jli.dll+0x5287]
C  [ucrtbase.dll+0x21bb2]
C  [KERNEL32.DLL+0x17614]
C  [ntdll.dll+0x526a1]


---------------  P R O C E S S  ---------------

Threads class SMR info:
_java_thread_list=0x00007ff9fb28d048, length=0, elements={
}

Java Threads: ( => current thread )

Other Threads:
  0x000002abfe2dcef0 WorkerThread "GC Thread#0" [stack: 0x000000b8abe00000,0x000000b8abf00000] [id=17924]
  0x000002abfe2eef40 ConcurrentGCThread "G1 Main Marker" [stack: 0x000000b8abf00000,0x000000b8ac000000] [id=14936]
  0x000002abfe2f0110 WorkerThread "G1 Conc#0" [stack: 0x000000b8ac000000,0x000000b8ac100000] [id=24068]

[error occurred during error reporting (printing all threads), id 0xc0000005, EXCEPTION_ACCESS_VIOLATION (0xc0000005) at pc=0x00007ff9faa4d427]

VM state: not at safepoint (not fully initialized)

VM Mutex/Monitor currently owned by a thread:  ([mutex/lock_event])
[0x000002abfe267320] Heap_lock - owner thread: 0x000002abfe26d2a0

Heap address: 0x0000000700c00000, size: 4084 MB, Compressed Oops mode: Zero based, Oop shift amount: 3

CDS archive(s) mapped at: [0x0000000000000000-0x0000000000000000-0x0000000000000000), size 0, SharedBaseAddress: 0x0000000800000000, ArchiveRelocationMode: 0.
Narrow klass base: 0x0000000000000000, Narrow klass shift: 0, Narrow klass range: 0x0

GC Precious Log:
 CardTable entry size: 512
 Card Set container configuration: InlinePtr #cards 4 size 8 Array Of Cards #cards 16 size 48 Howl #buckets 8 coarsen threshold 3686 Howl Bitmap #cards 512 size 80 coarsen threshold 460 Card regions per heap region 1 cards per card region 4096

Heap:
 garbage-first heap   total 0K, used 0K [0x0000000700c00000, 0x0000000800000000)
  region size 2048K, 0 young (0K), 0 survivors (0K)

[error occurred during error reporting (printing heap information), id 0xc0000005, EXCEPTION_ACCESS_VIOLATION (0xc0000005) at pc=0x00007ff9fae56649]

GC Heap History (0 events):
No events

Dll operation events (1 events):
Event: 0.004 Loaded shared library C:\Program Files\Java\jdk-19\bin\java.dll

Deoptimization events (0 events):
No events

Classes loaded (0 events):
No events

Classes unloaded (0 events):
No events

Classes redefined (0 events):
No events

Internal exceptions (0 events):
No events

VM Operations (0 events):
No events

Events (0 events):
No events


Dynamic libraries:
0x00007ff6b3720000 - 0x00007ff6b3730000 	C:\Program Files\Java\jdk-19\bin\java.exe
0x00007ffa43e10000 - 0x00007ffa44008000 	C:\Windows\SYSTEM32\ntdll.dll
0x00007ffa43a90000 - 0x00007ffa43b4f000 	C:\Windows\System32\KERNEL32.DLL
0x00007ffa41570000 - 0x00007ffa41842000 	C:\Windows\System32\KERNELBASE.dll
0x00007ffa41ba0000 - 0x00007ffa41ca0000 	C:\Windows\System32\ucrtbase.dll
0x00007ffa3c180000 - 0x00007ffa3c198000 	C:\Program Files\Java\jdk-19\bin\jli.dll
0x00007ffa3c730000 - 0x00007ffa3c74b000 	C:\Program Files\Java\jdk-19\bin\VCRUNTIME140.dll
0x00007ffa439e0000 - 0x00007ffa43a8e000 	C:\Windows\System32\ADVAPI32.dll
0x00007ffa43940000 - 0x00007ffa439de000 	C:\Windows\System32\msvcrt.dll
0x00007ffa42be0000 - 0x00007ffa42c7c000 	C:\Windows\System32\sechost.dll
0x00007ffa43bd0000 - 0x00007ffa43cf5000 	C:\Windows\System32\RPCRT4.dll
0x00007ffa435a0000 - 0x00007ffa43741000 	C:\Windows\System32\USER32.dll
0x00007ffa41ab0000 - 0x00007ffa41ad2000 	C:\Windows\System32\win32u.dll
0x00007ffa42fa0000 - 0x00007ffa42fcb000 	C:\Windows\System32\GDI32.dll
0x00007ffa1e680000 - 0x00007ffa1e91a000 	C:\Windows\WinSxS\amd64_microsoft.windows.common-controls_6595b64144ccf1df_6.0.19041.1110_none_60b5254171f9507e\COMCTL32.dll
0x00007ffa41ca0000 - 0x00007ffa41daf000 	C:\Windows\System32\gdi32full.dll
0x00007ffa41db0000 - 0x00007ffa41e4d000 	C:\Windows\System32\msvcp_win.dll
0x00007ffa3a560000 - 0x00007ffa3a56a000 	C:\Windows\SYSTEM32\VERSION.dll
0x00007ffa422c0000 - 0x00007ffa422f2000 	C:\Windows\System32\IMM32.DLL
0x00007ffa3c170000 - 0x00007ffa3c17c000 	C:\Program Files\Java\jdk-19\bin\vcruntime140_1.dll
0x00007ffa30ee0000 - 0x00007ffa30f6e000 	C:\Program Files\Java\jdk-19\bin\msvcp140.dll
0x00007ff9fa710000 - 0x00007ff9fb3d0000 	C:\Program Files\Java\jdk-19\bin\server\jvm.dll
0x00007ffa245b0000 - 0x00007ffa245d7000 	C:\Windows\SYSTEM32\WINMM.dll
0x00007ffa22430000 - 0x00007ffa22439000 	C:\Windows\SYSTEM32\WSOCK32.dll
0x00007ffa433c0000 - 0x00007ffa4342b000 	C:\Windows\System32\WS2_32.dll
0x00007ffa3fd70000 - 0x00007ffa3fd82000 	C:\Windows\SYSTEM32\kernel.appcore.dll
0x00007ffa3c160000 - 0x00007ffa3c16a000 	C:\Program Files\Java\jdk-19\bin\jimage.dll
0x00007ffa392f0000 - 0x00007ffa394d4000 	C:\Windows\SYSTEM32\DBGHELP.DLL
0x00007ffa38f80000 - 0x00007ffa38fb5000 	C:\Windows\SYSTEM32\dbgcore.DLL
0x00007ffa41b10000 - 0x00007ffa41b92000 	C:\Windows\System32\bcryptPrimitives.dll
0x00007ffa3c150000 - 0x00007ffa3c15e000 	C:\Program Files\Java\jdk-19\bin\instrument.dll
0x00007ffa39ad0000 - 0x00007ffa39af6000 	C:\Program Files\Java\jdk-19\bin\java.dll

dbghelp: loaded successfully - version: 4.0.5 - missing functions: none
symbol engine: initialized successfully - sym options: 0x614 - pdb path: .;C:\Program Files\Java\jdk-19\bin;C:\Windows\SYSTEM32;C:\Windows\WinSxS\amd64_microsoft.windows.common-controls_6595b64144ccf1df_6.0.19041.1110_none_60b5254171f9507e;C:\Program Files\Java\jdk-19\bin\server

VM Arguments:
jvm_args: -javaagent:C:\Program Files\JetBrains\IntelliJ IDEA Community Edition 2022.3.2\lib\idea_rt.jar=61267:C:\Program Files\JetBrains\IntelliJ IDEA Community Edition 2022.3.2\bin -Dfile.encoding=UTF-8 -Dsun.stdout.encoding=UTF-8 -Dsun.stderr.encoding=UTF-8 
java_command: Main
java_class_path (initial): E:\Study\Java\Lections\Java_project\javaHomework2\out\production\javaHomework2
Launcher Type: SUN_STANDARD

[Global flags]
     intx CICompilerCount                          = 4                                         {product} {ergonomic}
     uint ConcGCThreads                            = 3                                         {product} {ergonomic}
     uint G1ConcRefinementThreads                  = 10                                        {product} {ergonomic}
   size_t G1HeapRegionSize                         = 2097152                                   {product} {ergonomic}
    uintx GCDrainStackTargetSize                   = 64                                        {product} {ergonomic}
   size_t InitialHeapSize                          = 268435456                                 {product} {ergonomic}
   size_t MarkStackSize                            = 4194304                                   {product} {ergonomic}
   size_t MaxHeapSize                              = 4282384384                                {product} {ergonomic}
   size_t MinHeapDeltaBytes                        = 2097152                                   {product} {ergonomic}
   size_t MinHeapSize                              = 8388608                                   {product} {ergonomic}
    uintx NonNMethodCodeHeapSize                   = 5839372                                {pd product} {ergonomic}
    uintx NonProfiledCodeHeapSize                  = 122909434                              {pd product} {ergonomic}
    uintx ProfiledCodeHeapSize                     = 122909434                              {pd product} {ergonomic}
    uintx ReservedCodeCacheSize                    = 251658240                              {pd product} {ergonomic}
     bool SegmentedCodeCache                       = true                                      {product} {ergonomic}
   size_t SoftMaxHeapSize                          = 4282384384                             {manageable} {ergonomic}
     bool UseCompressedClassPointers               = true                           {product lp64_product} {ergonomic}
     bool UseCompressedOops                        = true                           {product lp64_product} {ergonomic}
     bool UseG1GC                                  = true                                      {product} {ergonomic}
     bool UseLargePagesIndividualAllocation        = false                                  {pd product} {ergonomic}

Logging:
Log output configuration:
 #0: stdout all=warning uptime,level,tags foldmultilines=false
 #1: stderr all=off uptime,level,tags foldmultilines=false

Environment Variables:
PATH=C:\Program Files\Common Files\Oracle\Java\javapath;C:\Windows\system32;C:\Windows;C:\Windows\System32\Wbem;C:\Windows\System32\WindowsPowerShell\v1.0\;C:\Windows\System32\OpenSSH\;C:\Program Files\Intel\WiFi\bin\;C:\Program Files\Common Files\Intel\WirelessCommon\;C:\Program Files (x86)\NVIDIA Corporation\PhysX\Common;C:\Program Files\NVIDIA Corporation\NVIDIA NvDLISR;C:\Program Files\Git\cmd;C:\Program Files\dotnet\;C:\Users\vassi\AppData\Local\Programs\Python\Python311\Scripts\;C:\Users\vassi\AppData\Local\Programs\Python\Python311\;C:\Users\vassi\AppData\Local\Microsoft\WindowsApps;C:\Program Files\Intel\WiFi\bin\;C:\Program Files\Common Files\Intel\WirelessCommon\;C:\Users\vassi\AppData\Local\Programs\Microsoft VS Code\bin;C:\Users\vassi\.dotnet\tools;C:\Program Files\JetBrains\PyCharm Community Edition 2022.3.2\bin;
USERNAME=vassi
OS=Windows_NT
PROCESSOR_IDENTIFIER=AMD64 Family 23 Model 113 Stepping 0, AuthenticAMD
TMP=C:\Users\vassi\AppData\Local\Temp
TEMP=C:\Users\vassi\AppData\Local\Temp



---------------  S Y S T E M  ---------------

OS:
 Windows 10 , 64 bit Build 19041 (10.0.19041.2546)
OS uptime: 3 days 21:44 hours

CPU: total 12 (initial active 12) (12 cores per cpu, 2 threads per core) family 23 model 113 stepping 0 microcode 0x0, cx8, cmov, fxsr, ht, mmx, 3dnowpref, sse, sse2, sse3, ssse3, sse4a, sse4.1, sse4.2, popcnt, lzcnt, tsc, tscinvbit, avx, avx2, aes, clmul, bmi1, bmi2, adx, sha, fma, vzeroupper, clflush, clflushopt, rdtscp, rdpid

Memory: 4k page, system-wide physical 16333M (5006M free)
TotalPageFile size 18381M (AvailPageFile size 53M)
current process WorkingSet (physical memory assigned to process): 10M, peak: 10M
current process commit charge ("private bytes"): 64M, peak: 320M

vm_info: Java HotSpot(TM) 64-Bit Server VM (19.0.2+7-44) for windows-amd64 JRE (19.0.2+7-44), built on 2022-11-30T18:02:09Z by "mach5one" with MS VC++ 17.1 (VS2022)

END.
